/home/lgzhou/anaconda3/envs/alohaflow/lib/python3.10/site-packages/torchvision/models/_utils.py:208: UserWarning: The parameter 'pretrained' is deprecated since 0.13 and may be removed in the future, please use 'weights' instead.
  warnings.warn(
/home/lgzhou/anaconda3/envs/alohaflow/lib/python3.10/site-packages/torchvision/models/_utils.py:223: UserWarning: Arguments other than a weight enum or `None` for 'weights' are deprecated since 0.13 and may be removed in the future. The current behavior is equivalent to passing `weights=ResNet18_Weights.IMAGENET1K_V1`. You can also use `weights=ResNet18_Weights.DEFAULT` to get the most up-to-date weights.
  warnings.warn(msg)
Use VQ: False, None, None
number of parameters: 106.26M
KL Weight 10
Traceback (most recent call last):
  File "/data/lgzhou/SteveZ/appflow_v0/imitate_episodes.py", line 770, in <module>
    main(vars(parser.parse_args()))
  File "/data/lgzhou/SteveZ/appflow_v0/imitate_episodes.py", line 190, in main
    success_rate, avg_return = eval_bc(config, ckpt_name, save_episode=True, num_rollouts=10)
  File "/data/lgzhou/SteveZ/appflow_v0/imitate_episodes.py", line 292, in eval_bc
    loading_status = policy.deserialize(torch.load(ckpt_path))
  File "/home/lgzhou/anaconda3/envs/alohaflow/lib/python3.10/site-packages/torch/serialization.py", line 986, in load
    with _open_file_like(f, 'rb') as opened_file:
  File "/home/lgzhou/anaconda3/envs/alohaflow/lib/python3.10/site-packages/torch/serialization.py", line 435, in _open_file_like
    return _open_file(name_or_buffer, mode)
  File "/home/lgzhou/anaconda3/envs/alohaflow/lib/python3.10/site-packages/torch/serialization.py", line 416, in __init__
    super().__init__(open(name, mode))
FileNotFoundError: [Errno 2] No such file or directory: 'weights/policy_last.ckpt'
